This is pdfTeX, Version 3.141592653-2.6-1.40.22 (TeX Live 2022/dev/Debian) (preloaded format=pdflatex 2024.3.18)  25 OCT 2024 21:57
entering extended mode
 restricted \write18 enabled.
 %&-line parsing enabled.
**Homework_3.tex
(./Homework_3.tex
LaTeX2e <2021-11-15> patch level 1
L3 programming layer <2022-01-21>
(/usr/share/texlive/texmf-dist/tex/latex/base/article.cls
Document Class: article 2021/10/04 v1.4n Standard LaTeX document class
(/usr/share/texlive/texmf-dist/tex/latex/base/size12.clo
File: size12.clo 2021/10/04 v1.4n Standard LaTeX file (size option)
)
\c@part=\count185
\c@section=\count186
\c@subsection=\count187
\c@subsubsection=\count188
\c@paragraph=\count189
\c@subparagraph=\count190
\c@figure=\count191
\c@table=\count192
\abovecaptionskip=\skip47
\belowcaptionskip=\skip48
\bibindent=\dimen138
)
(/usr/share/texlive/texmf-dist/tex/latex/amsmath/amsmath.sty
Package: amsmath 2021/10/15 v2.17l AMS math features
\@mathmargin=\skip49

For additional information on amsmath, use the `?' option.
(/usr/share/texlive/texmf-dist/tex/latex/amsmath/amstext.sty
Package: amstext 2021/08/26 v2.01 AMS text

(/usr/share/texlive/texmf-dist/tex/latex/amsmath/amsgen.sty
File: amsgen.sty 1999/11/30 v2.0 generic functions
\@emptytoks=\toks16
\ex@=\dimen139
))
(/usr/share/texlive/texmf-dist/tex/latex/amsmath/amsbsy.sty
Package: amsbsy 1999/11/29 v1.2d Bold Symbols
\pmbraise@=\dimen140
)
(/usr/share/texlive/texmf-dist/tex/latex/amsmath/amsopn.sty
Package: amsopn 2021/08/26 v2.02 operator names
)
\inf@bad=\count193
LaTeX Info: Redefining \frac on input line 234.
\uproot@=\count194
\leftroot@=\count195
LaTeX Info: Redefining \overline on input line 399.
\classnum@=\count196
\DOTSCASE@=\count197
LaTeX Info: Redefining \ldots on input line 496.
LaTeX Info: Redefining \dots on input line 499.
LaTeX Info: Redefining \cdots on input line 620.
\Mathstrutbox@=\box50
\strutbox@=\box51
\big@size=\dimen141
LaTeX Font Info:    Redeclaring font encoding OML on input line 743.
LaTeX Font Info:    Redeclaring font encoding OMS on input line 744.
\macc@depth=\count198
\c@MaxMatrixCols=\count199
\dotsspace@=\muskip16
\c@parentequation=\count266
\dspbrk@lvl=\count267
\tag@help=\toks17
\row@=\count268
\column@=\count269
\maxfields@=\count270
\andhelp@=\toks18
\eqnshift@=\dimen142
\alignsep@=\dimen143
\tagshift@=\dimen144
\tagwidth@=\dimen145
\totwidth@=\dimen146
\lineht@=\dimen147
\@envbody=\toks19
\multlinegap=\skip50
\multlinetaggap=\skip51
\mathdisplay@stack=\toks20
LaTeX Info: Redefining \[ on input line 2938.
LaTeX Info: Redefining \] on input line 2939.
)
(/usr/share/texlive/texmf-dist/tex/latex/amsfonts/amssymb.sty
Package: amssymb 2013/01/14 v3.01 AMS font symbols

(/usr/share/texlive/texmf-dist/tex/latex/amsfonts/amsfonts.sty
Package: amsfonts 2013/01/14 v3.01 Basic AMSFonts support
\symAMSa=\mathgroup4
\symAMSb=\mathgroup5
LaTeX Font Info:    Redeclaring math symbol \hbar on input line 98.
LaTeX Font Info:    Overwriting math alphabet `\mathfrak' in version `bold'
(Font)                  U/euf/m/n --> U/euf/b/n on input line 106.
))
(/usr/share/texlive/texmf-dist/tex/latex/graphics/graphicx.sty
Package: graphicx 2021/09/16 v1.2d Enhanced LaTeX Graphics (DPC,SPQR)

(/usr/share/texlive/texmf-dist/tex/latex/graphics/keyval.sty
Package: keyval 2014/10/28 v1.15 key=value parser (DPC)
\KV@toks@=\toks21
)
(/usr/share/texlive/texmf-dist/tex/latex/graphics/graphics.sty
Package: graphics 2021/03/04 v1.4d Standard LaTeX Graphics (DPC,SPQR)

(/usr/share/texlive/texmf-dist/tex/latex/graphics/trig.sty
Package: trig 2021/08/11 v1.11 sin cos tan (DPC)
)
(/usr/share/texlive/texmf-dist/tex/latex/graphics-cfg/graphics.cfg
File: graphics.cfg 2016/06/04 v1.11 sample graphics configuration
)
Package graphics Info: Driver file: pdftex.def on input line 107.

(/usr/share/texlive/texmf-dist/tex/latex/graphics-def/pdftex.def
File: pdftex.def 2020/10/05 v1.2a Graphics/color driver for pdftex
))
\Gin@req@height=\dimen148
\Gin@req@width=\dimen149
)
(/usr/share/texlive/texmf-dist/tex/latex/l3backend/l3backend-pdftex.def
File: l3backend-pdftex.def 2022-01-12 L3 backend support: PDF output (pdfTeX)
\l__color_backend_stack_int=\count271
\l__pdf_internal_box=\box52
)
(./Homework_3.aux)
\openout1 = `Homework_3.aux'.

LaTeX Font Info:    Checking defaults for OML/cmm/m/it on input line 8.
LaTeX Font Info:    ... okay on input line 8.
LaTeX Font Info:    Checking defaults for OMS/cmsy/m/n on input line 8.
LaTeX Font Info:    ... okay on input line 8.
LaTeX Font Info:    Checking defaults for OT1/cmr/m/n on input line 8.
LaTeX Font Info:    ... okay on input line 8.
LaTeX Font Info:    Checking defaults for T1/cmr/m/n on input line 8.
LaTeX Font Info:    ... okay on input line 8.
LaTeX Font Info:    Checking defaults for TS1/cmr/m/n on input line 8.
LaTeX Font Info:    ... okay on input line 8.
LaTeX Font Info:    Checking defaults for OMX/cmex/m/n on input line 8.
LaTeX Font Info:    ... okay on input line 8.
LaTeX Font Info:    Checking defaults for U/cmr/m/n on input line 8.
LaTeX Font Info:    ... okay on input line 8.

(/usr/share/texlive/texmf-dist/tex/context/base/mkii/supp-pdf.mkii
[Loading MPS to PDF converter (version 2006.09.02).]
\scratchcounter=\count272
\scratchdimen=\dimen150
\scratchbox=\box53
\nofMPsegments=\count273
\nofMParguments=\count274
\everyMPshowfont=\toks22
\MPscratchCnt=\count275
\MPscratchDim=\dimen151
\MPnumerator=\count276
\makeMPintoPDFobject=\count277
\everyMPtoPDFconversion=\toks23
) (/usr/share/texlive/texmf-dist/tex/latex/epstopdf-pkg/epstopdf-base.sty
Package: epstopdf-base 2020-01-24 v2.11 Base part for package epstopdf
Package epstopdf-base Info: Redefining graphics rule for `.eps' on input line 4
85.

(/usr/share/texlive/texmf-dist/tex/latex/latexconfig/epstopdf-sys.cfg
File: epstopdf-sys.cfg 2010/07/13 v1.3 Configuration of (r)epstopdf for TeX Liv
e
))
LaTeX Font Info:    Trying to load font information for U+msa on input line 9.

(/usr/share/texlive/texmf-dist/tex/latex/amsfonts/umsa.fd
File: umsa.fd 2013/01/14 v3.01 AMS symbols A
)
LaTeX Font Info:    Trying to load font information for U+msb on input line 9.

(/usr/share/texlive/texmf-dist/tex/latex/amsfonts/umsb.fd
File: umsb.fd 2013/01/14 v3.01 AMS symbols B
)
Overfull \hbox (128.70026pt too wide) in paragraph at lines 71--71
[]\OT1/cmtt/m/n/12 df_whole = pd.read_csv('/home/adbucks/Downloads/zip.train', 
delim_whitespace = True)[] 
 []

[1

{/var/lib/texmf/fonts/map/pdftex/updmap/pdftex.map}]
Overfull \hbox (54.60022pt too wide) in paragraph at lines 71--71
[]\OT1/cmtt/m/n/12 df_whole.columns = ['Digit'] + ['Pixel' + str(i) for i in ra
nge(1, 257)][] 
 []


Overfull \hbox (141.05026pt too wide) in paragraph at lines 71--71
[]\OT1/cmtt/m/n/12 df_te_whole = pd.read_csv('/home/adbucks/Downloads/zip.test'
, delim_whitespace = True)[] 
 []


Overfull \hbox (73.12523pt too wide) in paragraph at lines 71--71
[]\OT1/cmtt/m/n/12 df_te_whole.columns = ['Digit'] + ['Pixel' + str(i) for i in
 range(1, 257)][] 
 []


Overfull \hbox (153.40027pt too wide) in paragraph at lines 71--71
[]\OT1/cmtt/m/n/12 # we can now start divying up the data into the response vec
tor and our feuature matrix,[] 
 []

[2]
Overfull \hbox (307.77534pt too wide) in paragraph at lines 120--120
[]\OT1/cmtt/m/n/12 knn_best = KNeighborsClassifier(n_neighbors = 4, metric = 'e
uclidean', weights = 'uniform').fit(X_train, y_train)[] 
 []

[3]
Overfull \hbox (23.7252pt too wide) in paragraph at lines 120--120
[]\OT1/cmtt/m/n/12 from sklearn.metrics import classification_report, confusion
_matrix[] 
 []


Overfull \hbox (29.9002pt too wide) in paragraph at lines 155--155
[]\OT1/cmtt/m/n/12 # we see that an l2 penalty with a C value of 0.1 is the bes
t model.[] 
 []


Overfull \hbox (73.12523pt too wide) in paragraph at lines 155--155
[]\OT1/cmtt/m/n/12 lr_best = LogisticRegression(C = 0.1, penalty = 'l2').fit(X_
train, y_train)[] 
 []

[4]
Overfull \hbox (5.2002pt too wide) in paragraph at lines 182--182
[]\OT1/cmtt/m/n/12 lin_svc_param_grid = {'C': [0.001, 0.01, 0.1, 1, 10, 100, 10
00],[] 
 []


Overfull \hbox (202.8003pt too wide) in paragraph at lines 195--195
[]\OT1/cmtt/m/n/12 lin_svc_best = LinearSVC(C = 0.01, loss = 'squared_hinge', p
enalty = 'l2').fit(X_train, y_train)[] 
 []

[5]
Overfull \hbox (11.3752pt too wide) in paragraph at lines 228--228
[]                  \OT1/cmtt/m/n/12 'kernel': ['linear', 'poly', 'rbf', 'sigmo
id']}[] 
 []


Overfull \hbox (474.50043pt too wide) in paragraph at lines 228--228
[]\OT1/cmtt/m/n/12 # we have a C value of 10 and a polynomial kernel with an im
pressive 98% train accuracy, so we will now fit the test data on this best mode
l[] 
 []

[6] [7]
Overfull \hbox (5.2002pt too wide) in paragraph at lines 302--302
[]\OT1/cmtt/m/n/12 param_grid_lin_svc = {'C': [0.001, 0.01, 0.1, 1, 10, 100, 10
00]}[] 
 []


Overfull \hbox (79.30023pt too wide) in paragraph at lines 302--302
[]\OT1/cmtt/m/n/12 lin_svc_gs = GridSearchCV(lin_svc , param_grid = param_grid_
lin_svc, cv = 5)[] 
 []


Overfull \hbox (91.65024pt too wide) in paragraph at lines 302--302
[]\OT1/cmtt/m/n/12 print("The best parameters using Hinge Loss are: ", lin_svc_
grid.best_params_)[] 
 []


Overfull \hbox (48.42522pt too wide) in paragraph at lines 302--302
[]\OT1/cmtt/m/n/12 print("The best score using Hinge Loss is: ", lin_svc_grid.b
est_score_)[] 
 []


Overfull \hbox (425.1004pt too wide) in paragraph at lines 302--302
[]\OT1/cmtt/m/n/12 # we now want to find the argmax of C values that are within
 one standard error of the best score, as in hte one standard error rule[] 
 []


Overfull \hbox (128.70026pt too wide) in paragraph at lines 302--302
[]\OT1/cmtt/m/n/12 candidate_indices = [i for i, score in enumerate(mean_test_s
core) if score > thresh][] 
 []


Overfull \hbox (97.82524pt too wide) in paragraph at lines 302--302
[]\OT1/cmtt/m/n/12 simplest_idx = candidate_indices[np.argmax(mean_test_score[c
andidate_indices])][] 
 []

[8]
Overfull \hbox (54.60022pt too wide) in paragraph at lines 302--302
[]\OT1/cmtt/m/n/12 print("The best C value using the one standard error rule is
: ", best_C)[] 
 []


Overfull \hbox (91.65024pt too wide) in paragraph at lines 302--302
[]\OT1/cmtt/m/n/12 print("The best score using the one standard error rule is: 
", best_score_1se)[] 
 []


Overfull \hbox (23.7252pt too wide) in paragraph at lines 350--350
[]\OT1/cmtt/m/n/12 lin_ll = LogisticRegression(solver = 'liblinear', max_iter =
 10000)[] 
 []


Overfull \hbox (85.47523pt too wide) in paragraph at lines 350--350
[]\OT1/cmtt/m/n/12 scorer = make_scorer(log_loss, greater_is_better = False, ne
eds_proba = True)[] 
 []


Overfull \hbox (97.82524pt too wide) in paragraph at lines 350--350
[]\OT1/cmtt/m/n/12 gs_ll = GridSearchCV(lin_ll, param_grid = param_g_ll, cv = 5
, scoring = scorer)[] 
 []


Overfull \hbox (171.92528pt too wide) in paragraph at lines 350--350
[]\OT1/cmtt/m/n/12 mean_test_scores_ll = -gs_ll.cv_results_['mean_test_score'] 
# flipping sign due to log loss[] 
 []

[9]
Overfull \hbox (104.00024pt too wide) in paragraph at lines 350--350
[]\OT1/cmtt/m/n/12 # finding the simplest model that is within one standard err
or of the best model[] 
 []


Overfull \hbox (190.45029pt too wide) in paragraph at lines 350--350
[]\OT1/cmtt/m/n/12 candidate_indices_ll = [i for i, score in enumerate(mean_tes
t_scores_ll) if score < thresh_ll][] 
 []


Overfull \hbox (122.52525pt too wide) in paragraph at lines 350--350
[]\OT1/cmtt/m/n/12 simplest_idx_ll = min(candidate_indices_ll, key = lambda idx
: param_g_ll['C'][idx])[] 
 []


Overfull \hbox (11.3752pt too wide) in paragraph at lines 350--350
[]\OT1/cmtt/m/n/12 best_params_ll_1se = gs_ll.cv_results_['params'][simplest_id
x_ll][] 
 []


Overfull \hbox (122.52525pt too wide) in paragraph at lines 350--350
[]\OT1/cmtt/m/n/12 print("The best parameters using Binomial Deviance Loss are:
 ", best_params_ll_1se)[] 
 []


Overfull \hbox (79.30023pt too wide) in paragraph at lines 350--350
[]\OT1/cmtt/m/n/12 print("The best score using Binomial Deviance Loss is: ", be
st_score_ll_1se)[] 
 []

[10] (./Homework_3.aux) ) 
Here is how much of TeX's memory you used:
 2487 strings out of 478287
 36194 string characters out of 5849289
 328669 words of memory out of 5000000
 20692 multiletter control sequences out of 15000+600000
 473874 words of font info for 46 fonts, out of 8000000 for 9000
 1141 hyphenation exceptions out of 8191
 55i,6n,62p,440b,273s stack positions out of 5000i,500n,10000p,200000b,80000s
{/usr/share/texmf/fonts/enc/dvips/cm-super/cm-super-ts
1.enc}</usr/share/texlive/texmf-dist/fonts/type1/public/amsfonts/cm/cmbx12.pfb>
</usr/share/texlive/texmf-dist/fonts/type1/public/amsfonts/cm/cmr12.pfb></usr/s
hare/texlive/texmf-dist/fonts/type1/public/amsfonts/cm/cmr17.pfb></usr/share/te
xlive/texmf-dist/fonts/type1/public/amsfonts/cm/cmtt12.pfb></usr/share/texmf/fo
nts/type1/public/cm-super/sfrm1200.pfb>
Output written on Homework_3.pdf (10 pages, 82389 bytes).
PDF statistics:
 63 PDF objects out of 1000 (max. 8388607)
 40 compressed objects within 1 object stream
 0 named destinations out of 1000 (max. 500000)
 1 words of extra memory for PDF output out of 10000 (max. 10000000)

