This is pdfTeX, Version 3.141592653-2.6-1.40.22 (TeX Live 2022/dev/Debian) (preloaded format=pdflatex 2024.3.18)  15 NOV 2024 16:55
entering extended mode
 restricted \write18 enabled.
 %&-line parsing enabled.
**Homework_4.tex
(./Homework_4.tex
LaTeX2e <2021-11-15> patch level 1
L3 programming layer <2022-01-21>
(/usr/share/texlive/texmf-dist/tex/latex/base/article.cls
Document Class: article 2021/10/04 v1.4n Standard LaTeX document class
(/usr/share/texlive/texmf-dist/tex/latex/base/size12.clo
File: size12.clo 2021/10/04 v1.4n Standard LaTeX file (size option)
)
\c@part=\count185
\c@section=\count186
\c@subsection=\count187
\c@subsubsection=\count188
\c@paragraph=\count189
\c@subparagraph=\count190
\c@figure=\count191
\c@table=\count192
\abovecaptionskip=\skip47
\belowcaptionskip=\skip48
\bibindent=\dimen138
)
(/usr/share/texlive/texmf-dist/tex/latex/amsmath/amsmath.sty
Package: amsmath 2021/10/15 v2.17l AMS math features
\@mathmargin=\skip49

For additional information on amsmath, use the `?' option.
(/usr/share/texlive/texmf-dist/tex/latex/amsmath/amstext.sty
Package: amstext 2021/08/26 v2.01 AMS text

(/usr/share/texlive/texmf-dist/tex/latex/amsmath/amsgen.sty
File: amsgen.sty 1999/11/30 v2.0 generic functions
\@emptytoks=\toks16
\ex@=\dimen139
))
(/usr/share/texlive/texmf-dist/tex/latex/amsmath/amsbsy.sty
Package: amsbsy 1999/11/29 v1.2d Bold Symbols
\pmbraise@=\dimen140
)
(/usr/share/texlive/texmf-dist/tex/latex/amsmath/amsopn.sty
Package: amsopn 2021/08/26 v2.02 operator names
)
\inf@bad=\count193
LaTeX Info: Redefining \frac on input line 234.
\uproot@=\count194
\leftroot@=\count195
LaTeX Info: Redefining \overline on input line 399.
\classnum@=\count196
\DOTSCASE@=\count197
LaTeX Info: Redefining \ldots on input line 496.
LaTeX Info: Redefining \dots on input line 499.
LaTeX Info: Redefining \cdots on input line 620.
\Mathstrutbox@=\box50
\strutbox@=\box51
\big@size=\dimen141
LaTeX Font Info:    Redeclaring font encoding OML on input line 743.
LaTeX Font Info:    Redeclaring font encoding OMS on input line 744.
\macc@depth=\count198
\c@MaxMatrixCols=\count199
\dotsspace@=\muskip16
\c@parentequation=\count266
\dspbrk@lvl=\count267
\tag@help=\toks17
\row@=\count268
\column@=\count269
\maxfields@=\count270
\andhelp@=\toks18
\eqnshift@=\dimen142
\alignsep@=\dimen143
\tagshift@=\dimen144
\tagwidth@=\dimen145
\totwidth@=\dimen146
\lineht@=\dimen147
\@envbody=\toks19
\multlinegap=\skip50
\multlinetaggap=\skip51
\mathdisplay@stack=\toks20
LaTeX Info: Redefining \[ on input line 2938.
LaTeX Info: Redefining \] on input line 2939.
)
(/usr/share/texlive/texmf-dist/tex/latex/amsfonts/amssymb.sty
Package: amssymb 2013/01/14 v3.01 AMS font symbols

(/usr/share/texlive/texmf-dist/tex/latex/amsfonts/amsfonts.sty
Package: amsfonts 2013/01/14 v3.01 Basic AMSFonts support
\symAMSa=\mathgroup4
\symAMSb=\mathgroup5
LaTeX Font Info:    Redeclaring math symbol \hbar on input line 98.
LaTeX Font Info:    Overwriting math alphabet `\mathfrak' in version `bold'
(Font)                  U/euf/m/n --> U/euf/b/n on input line 106.
))
(/usr/share/texlive/texmf-dist/tex/latex/graphics/graphicx.sty
Package: graphicx 2021/09/16 v1.2d Enhanced LaTeX Graphics (DPC,SPQR)

(/usr/share/texlive/texmf-dist/tex/latex/graphics/keyval.sty
Package: keyval 2014/10/28 v1.15 key=value parser (DPC)
\KV@toks@=\toks21
)
(/usr/share/texlive/texmf-dist/tex/latex/graphics/graphics.sty
Package: graphics 2021/03/04 v1.4d Standard LaTeX Graphics (DPC,SPQR)

(/usr/share/texlive/texmf-dist/tex/latex/graphics/trig.sty
Package: trig 2021/08/11 v1.11 sin cos tan (DPC)
)
(/usr/share/texlive/texmf-dist/tex/latex/graphics-cfg/graphics.cfg
File: graphics.cfg 2016/06/04 v1.11 sample graphics configuration
)
Package graphics Info: Driver file: pdftex.def on input line 107.

(/usr/share/texlive/texmf-dist/tex/latex/graphics-def/pdftex.def
File: pdftex.def 2020/10/05 v1.2a Graphics/color driver for pdftex
))
\Gin@req@height=\dimen148
\Gin@req@width=\dimen149
)
(/usr/share/texlive/texmf-dist/tex/latex/l3backend/l3backend-pdftex.def
File: l3backend-pdftex.def 2022-01-12 L3 backend support: PDF output (pdfTeX)
\l__color_backend_stack_int=\count271
\l__pdf_internal_box=\box52
)
(./Homework_4.aux)
\openout1 = `Homework_4.aux'.

LaTeX Font Info:    Checking defaults for OML/cmm/m/it on input line 8.
LaTeX Font Info:    ... okay on input line 8.
LaTeX Font Info:    Checking defaults for OMS/cmsy/m/n on input line 8.
LaTeX Font Info:    ... okay on input line 8.
LaTeX Font Info:    Checking defaults for OT1/cmr/m/n on input line 8.
LaTeX Font Info:    ... okay on input line 8.
LaTeX Font Info:    Checking defaults for T1/cmr/m/n on input line 8.
LaTeX Font Info:    ... okay on input line 8.
LaTeX Font Info:    Checking defaults for TS1/cmr/m/n on input line 8.
LaTeX Font Info:    ... okay on input line 8.
LaTeX Font Info:    Checking defaults for OMX/cmex/m/n on input line 8.
LaTeX Font Info:    ... okay on input line 8.
LaTeX Font Info:    Checking defaults for U/cmr/m/n on input line 8.
LaTeX Font Info:    ... okay on input line 8.

(/usr/share/texlive/texmf-dist/tex/context/base/mkii/supp-pdf.mkii
[Loading MPS to PDF converter (version 2006.09.02).]
\scratchcounter=\count272
\scratchdimen=\dimen150
\scratchbox=\box53
\nofMPsegments=\count273
\nofMParguments=\count274
\everyMPshowfont=\toks22
\MPscratchCnt=\count275
\MPscratchDim=\dimen151
\MPnumerator=\count276
\makeMPintoPDFobject=\count277
\everyMPtoPDFconversion=\toks23
) (/usr/share/texlive/texmf-dist/tex/latex/epstopdf-pkg/epstopdf-base.sty
Package: epstopdf-base 2020-01-24 v2.11 Base part for package epstopdf
Package epstopdf-base Info: Redefining graphics rule for `.eps' on input line 4
85.

(/usr/share/texlive/texmf-dist/tex/latex/latexconfig/epstopdf-sys.cfg
File: epstopdf-sys.cfg 2010/07/13 v1.3 Configuration of (r)epstopdf for TeX Liv
e
))
LaTeX Font Info:    Trying to load font information for U+msa on input line 9.

(/usr/share/texlive/texmf-dist/tex/latex/amsfonts/umsa.fd
File: umsa.fd 2013/01/14 v3.01 AMS symbols A
)
LaTeX Font Info:    Trying to load font information for U+msb on input line 9.

(/usr/share/texlive/texmf-dist/tex/latex/amsfonts/umsb.fd
File: umsb.fd 2013/01/14 v3.01 AMS symbols B
) [1

{/var/lib/texmf/fonts/map/pdftex/updmap/pdftex.map}]
Overfull \hbox (36.07521pt too wide) in paragraph at lines 94--94
[]\OT1/cmtt/m/n/12 '/home/adbucks/Documents/sta_629/Homework_4/authorship_train
ing.csv')[] 
 []


Overfull \hbox (29.9002pt too wide) in paragraph at lines 94--94
[]\OT1/cmtt/m/n/12 '/home/adbucks/Documents/sta_629/Homework_4/authorship_testi
ng.csv')[] 
 []


Overfull \hbox (116.35025pt too wide) in paragraph at lines 94--94
[]\OT1/cmtt/m/n/12 # we'll start by building a CART, and this can be a baseline
 for the other methods[] 
 []


Overfull \hbox (60.77522pt too wide) in paragraph at lines 94--94
[]\OT1/cmtt/m/n/12 # given this is a multi-class classification problem with th
e authors, we[] 
 []

[2]
Overfull \hbox (42.25021pt too wide) in paragraph at lines 111--111
[]\OT1/cmtt/m/n/12 from sklearn.metrics import accuracy_score, f1_score, confus
ion_matrix[] 
 []


Overfull \hbox (54.60022pt too wide) in paragraph at lines 111--111
[]\OT1/cmtt/m/n/12 print('CART F1 Score: ', f1_score(y_test, y_pred, average = 
'weighted'))[] 
 []

[3]
Overfull \hbox (17.5502pt too wide) in paragraph at lines 111--111
[]\OT1/cmtt/m/n/12 print('CART Confusion Matrix: ', confusion_matrix(y_test, y_
pred))[] 
 []


Overfull \hbox (48.42522pt too wide) in paragraph at lines 156--156
[]\OT1/cmtt/m/n/12 # we'll do predicting now , and then scoring, and we can eve
n try to do[] 
 []


Overfull \hbox (48.42522pt too wide) in paragraph at lines 156--156
[]\OT1/cmtt/m/n/12 print('F1 Score: ', f1_score(y_test, y_pred_bag, average = '
weighted'))[] 
 []


Overfull \hbox (11.3752pt too wide) in paragraph at lines 156--156
[]\OT1/cmtt/m/n/12 print('Confusion Matrix: ', confusion_matrix(y_test, y_pred_
bag))[] 
 []

[4]
Overfull \hbox (60.77522pt too wide) in paragraph at lines 156--156
[]\OT1/cmtt/m/n/12 # we can try using out of bag score and see if that makes mu
ch difference[] 
 []


Overfull \hbox (351.00037pt too wide) in paragraph at lines 208--208
[]\OT1/cmtt/m/n/12 X_train2, X_val, y_train2, y_val = train_test_split(X_train,
 y_train, test_size = 0.25) # using standard validation size[] 
 []

[5]
Overfull \hbox (97.82524pt too wide) in paragraph at lines 208--208
[]\OT1/cmtt/m/n/12 print('Adaboost F1 Score: ', f1_score(y_val, y_pred_val, ave
rage = 'weighted'))[] 
 []


Overfull \hbox (60.77522pt too wide) in paragraph at lines 208--208
[]\OT1/cmtt/m/n/12 print('Adaboost Confusion Matrix: ', confusion_matrix(y_val,
 y_pred_val))[] 
 []


Overfull \hbox (60.77522pt too wide) in paragraph at lines 208--208
[]\OT1/cmtt/m/n/12 print('Adaboost Test Accuracy: ', accuracy_score(y_test, y_p
red_adatest))[] 
 []


Overfull \hbox (159.57527pt too wide) in paragraph at lines 208--208
[]\OT1/cmtt/m/n/12 print('Adaboost Test F1 Score: ', f1_score(y_test, y_pred_ad
atest, average = 'weighted'))[] 
 []


Overfull \hbox (122.52525pt too wide) in paragraph at lines 208--208
[]\OT1/cmtt/m/n/12 print('Adaboost Test Confusion Matrix: ', confusion_matrix(y
_test, y_pred_adatest))[] 
 []

[6]
Overfull \hbox (85.47523pt too wide) in paragraph at lines 247--247
[]\OT1/cmtt/m/n/12 print('Gradient Boosting Accuracy: ', accuracy_score(y_val, 
y_pred_grad_val))[] 
 []


Overfull \hbox (184.27528pt too wide) in paragraph at lines 247--247
[]\OT1/cmtt/m/n/12 print('Gradient Boosting F1 Score: ', f1_score(y_val, y_pred
_grad_val, average = 'weighted'))[] 
 []


Overfull \hbox (147.22527pt too wide) in paragraph at lines 247--247
[]\OT1/cmtt/m/n/12 print('Gradient Boosting Confusion Matrix: ', confusion_matr
ix(y_val, y_pred_grad_val))[] 
 []


Overfull \hbox (73.12523pt too wide) in paragraph at lines 247--247
[]\OT1/cmtt/m/n/12 # now we can use the test data with gradient boost given thi
s is the method[] 
 []


Overfull \hbox (97.82524pt too wide) in paragraph at lines 247--247
[]\OT1/cmtt/m/n/12 print('Gradient Boosting Test Accuracy: ', accuracy_score(y_
test, y_pred_grad))[] 
 []


Overfull \hbox (196.62529pt too wide) in paragraph at lines 247--247
[]\OT1/cmtt/m/n/12 print('Gradient Boosting Test F1 Score: ', f1_score(y_test, 
y_pred_grad, average = 'weighted'))[] 
 []


Overfull \hbox (159.57527pt too wide) in paragraph at lines 247--247
[]\OT1/cmtt/m/n/12 print('Gradient Boosting Test Confusion Matrix: ', confusion
_matrix(y_test, y_pred_grad))[] 
 []

[7]
Overfull \hbox (54.60022pt too wide) in paragraph at lines 302--302
[]\OT1/cmtt/m/n/12 # we might want to start with max depth, but we can also try
 the default[] 
 []


Overfull \hbox (5.2002pt too wide) in paragraph at lines 302--302
[]\OT1/cmtt/m/n/12 rf_base.fit(X_train2, y_train2) # still using the validation
 set[] 
 []


Overfull \hbox (36.07521pt too wide) in paragraph at lines 302--302
[]\OT1/cmtt/m/n/12 # RF allows us to see a bit more, so we can print out a few 
things of[] 
 []


Overfull \hbox (11.3752pt too wide) in paragraph at lines 302--302
[]\OT1/cmtt/m/n/12 # now accuracy and scoring, feature importance, and decision
 path[] 
 []


Overfull \hbox (23.7252pt too wide) in paragraph at lines 302--302
[]\OT1/cmtt/m/n/12 print('Base RF Feature Importance: ', rf_base.feature_import
ances_)[] 
 []


Overfull \hbox (11.3752pt too wide) in paragraph at lines 302--302
[]\OT1/cmtt/m/n/12 print('Base RF Accuracy: ', accuracy_score(y_val, y_pred_rf_
val))[] 
 []


Overfull \hbox (110.17525pt too wide) in paragraph at lines 302--302
[]\OT1/cmtt/m/n/12 print('Base RF F1 Score: ', f1_score(y_val, y_pred_rf_val, a
verage = 'weighted'))[] 
 []


Overfull \hbox (73.12523pt too wide) in paragraph at lines 302--302
[]\OT1/cmtt/m/n/12 print('Base RF Confusion Matrix: ', confusion_matrix(y_val, 
y_pred_rf_val))[] 
 []


Overfull \hbox (48.42522pt too wide) in paragraph at lines 302--302
[]\OT1/cmtt/m/n/12 # let's now try on our testing data, as we might have to pur
ne a second[] 
 []


Overfull \hbox (23.7252pt too wide) in paragraph at lines 302--302
[]\OT1/cmtt/m/n/12 print('Base RF Test Accuracy: ', accuracy_score(y_test, y_pr
ed_rf))[] 
 []


Overfull \hbox (122.52525pt too wide) in paragraph at lines 302--302
[]\OT1/cmtt/m/n/12 print('Base RF Test F1 Score: ', f1_score(y_test, y_pred_rf,
 average = 'weighted'))[] 
 []


Overfull \hbox (85.47523pt too wide) in paragraph at lines 302--302
[]\OT1/cmtt/m/n/12 print('Base RF Test Confusion Matrix: ', confusion_matrix(y_
test, y_pred_rf))[] 
 []

[8]
Overfull \hbox (29.9002pt too wide) in paragraph at lines 302--302
[]\OT1/cmtt/m/n/12 # we can try a naive max depth of 5, although this is someth
ing that[] 
 []


Overfull \hbox (54.60022pt too wide) in paragraph at lines 335--335
[]\OT1/cmtt/m/n/12 rf_p5 = RandomForestClassifier(max_depth = 5, random_state =
 42) # naive[] 
 []


Overfull \hbox (42.25021pt too wide) in paragraph at lines 335--335
[]\OT1/cmtt/m/n/12 print('Pruned RF Accuracy: ', accuracy_score(y_val, y_pred_r
f_p5_val))[] 
 []


Overfull \hbox (141.05026pt too wide) in paragraph at lines 335--335
[]\OT1/cmtt/m/n/12 print('Pruned RF F1 Score: ', f1_score(y_val, y_pred_rf_p5_v
al, average = 'weighted'))[] 
 []


Overfull \hbox (104.00024pt too wide) in paragraph at lines 335--335
[]\OT1/cmtt/m/n/12 print('Pruned RF Confusion Matrix: ', confusion_matrix(y_val
, y_pred_rf_p5_val))[] 
 []


Overfull \hbox (23.7252pt too wide) in paragraph at lines 335--335
[]\OT1/cmtt/m/n/12 # purned accuracy increases to 99%, now we can try to the te
st data[] 
 []


Overfull \hbox (79.30023pt too wide) in paragraph at lines 335--335
[]\OT1/cmtt/m/n/12 print('Pruned RF Test Accuracy: ', accuracy_score(y_test, y_
pred_test_rfp5))[] 
 []


Overfull \hbox (178.10028pt too wide) in paragraph at lines 335--335
[]\OT1/cmtt/m/n/12 print('Pruned RF Test F1 Score: ', f1_score(y_test, y_pred_t
est_rfp5, average = 'weighted'))[] 
 []


Overfull \hbox (141.05026pt too wide) in paragraph at lines 335--335
[]\OT1/cmtt/m/n/12 print('Pruned RF Test Confusion Matrix: ', confusion_matrix(
y_test, y_pred_test_rfp5))[] 
 []

[9] [10] (./Homework_4.aux) ) 
Here is how much of TeX's memory you used:
 2489 strings out of 478287
 36215 string characters out of 5849289
 328670 words of memory out of 5000000
 20693 multiletter control sequences out of 15000+600000
 474221 words of font info for 47 fonts, out of 8000000 for 9000
 1141 hyphenation exceptions out of 8191
 55i,6n,62p,255b,275s stack positions out of 5000i,500n,10000p,200000b,80000s
{/usr/share/texmf/fonts/enc/dvips/cm-super/cm-supe
r-ts1.enc}</usr/share/texlive/texmf-dist/fonts/type1/public/amsfonts/cm/cmbx12.
pfb></usr/share/texlive/texmf-dist/fonts/type1/public/amsfonts/cm/cmr12.pfb></u
sr/share/texlive/texmf-dist/fonts/type1/public/amsfonts/cm/cmr17.pfb></usr/shar
e/texlive/texmf-dist/fonts/type1/public/amsfonts/cm/cmti12.pfb></usr/share/texl
ive/texmf-dist/fonts/type1/public/amsfonts/cm/cmtt12.pfb></usr/share/texmf/font
s/type1/public/cm-super/sfrm1200.pfb>
Output written on Homework_4.pdf (10 pages, 86935 bytes).
PDF statistics:
 68 PDF objects out of 1000 (max. 8388607)
 43 compressed objects within 1 object stream
 0 named destinations out of 1000 (max. 500000)
 1 words of extra memory for PDF output out of 10000 (max. 10000000)

